MPPD v3.04 © 2016 by Applied Research Associates, Inc.
--> Lung morphometry  <--
Lung Geometry: humanlimited
Number of segments: 110
Scaling tree by (TLC ---> FRC): 0.850
TLC = 5358.07  ml
FRC = 3287.80  ml
Scaling tree by ((1+TV/2FRC)^1/3): 1.048
Calculated FRC  =       3287.80  ml
Lung (distal) volume = 3787.80 ml
Volume of conducting airways: 169.34 ml
 
-----> Breathing Parameters and Times <-------
Breathing Frequency: 9.0 #/min     Tidal volume: 1000.0 ml
Nasopharyngeal dead space: 50.0 ml
--> Regional Deposition <--
  
Inhalation time: 3.33 sec    Exhalation time: 3.33 sec
Volumetric inhalation flow rate at trachea: 300.0 ml/sec
Volumetric exhalation flow rate at trachea: 300.0 ml/sec
Time spent in the head during inhalation: 0.167 sec
Time spent in the head during exhalation: 0.167 sec
    
-->  Particle properties  <--
Diameter: 6.770E+0 µm
Sigma_g (GSD): 2.220E+0
Mass density: 1.0 g/cm^3

Aerosol concentration: 47.8 mg/m^3
    
Inhalable fraction: 1.0000
Breathing route: oral
   
-->  Inhalation  <--
Inspiratory Fraction: 0.5
    
-->  Pause  <--
Pause Fraction: 0.0
    

Total head deposition fraction: 0.3765
Total TB deposition fraction: 0.1706
Total pulmonary deposition fraction: 0.2377
Total deposition fraction: 0.7849
    
Head deposited mass rate: 1.620E+2 µg/min
TB deposited mass rate: 7.341E+1 µg/min
Pulmonary deposited mass rate: 1.023E+2 µg/min
Total deposited mass rate: 3.376E+2 µg/min
 
Head deposited mass rate per unit area: 1.046E+0 µg/min/cm^2
TB deposited mass rate per unit area: 1.160E-2 µg/min/cm^2
Pulmonary deposited mass rate per unit area: 6.712E-5 µg/min/cm^2
Total deposited mass rate per unit area: 2.207E-4 µg/min/cm^2

Lobe: Entire Lung
Number of segments: 110
Number of terminal airways (alveolar regions): 26624
Lobe volume: 3787.80 ml
Volume of conducting airways: 169.34 ml
Total deposition fraction in conducting airways: 0.1706
Total deposition fraction in conducting airways during inhalation: 0.0378
Total deposition fraction in conducting airways during pause: 0.0000
Total deposition fraction in conducting airways during exhalation: 0.0137
Total deposition fraction in alveolar region: 0.2377
Total deposition fraction in alveolar region during inhalation: 0.0667
Total deposition fraction in alveolar region during pause: 0.0000
Total deposition fraction in alveolar region during exhalation: 0.0587

*************Dosimetrics**************
Mass Deposition per Alveolus (mg): 2.338E-8
Mass Deposition per Macrophage (mg): 1.932E-9
Number of Particles per Alveolus: 4.405E-2
Number of Particles per Macrophage: 3.641E-3
Airway deposition fraction (TB + Alv): 0.4083
  
Deposition per generation in Entire Lung
Gen. Num.	Dep. Frac.	Surf. Area	TB S.A. 	Pul S.A.	Dep. Frac./Area (cm²)
   1		 1.816E-5	 4.560E+1	 4.560E+1	 0.000E+0	 3.983E-7
   2		 7.957E-3	 2.989E+1	 2.989E+1	 0.000E+0	 2.662E-4
   3		 6.180E-3	 1.903E+1	 1.903E+1	 0.000E+0	 3.248E-4
   4		 7.471E-3	 1.804E+1	 1.804E+1	 0.000E+0	 4.142E-4
   5		 9.609E-3	 2.811E+1	 2.811E+1	 0.000E+0	 3.418E-4
   6		 1.067E-2	 4.840E+1	 4.840E+1	 0.000E+0	 2.205E-4
   7		 8.506E-3	 6.621E+1	 6.621E+1	 0.000E+0	 1.285E-4
   8		 7.790E-3	 9.178E+1	 9.178E+1	 0.000E+0	 8.487E-5
   9		 8.975E-3	 1.398E+2	 1.398E+2	 0.000E+0	 6.419E-5
   10		 1.079E-2	 1.989E+2	 1.989E+2	 0.000E+0	 5.422E-5
   11		 1.316E-2	 2.878E+2	 2.878E+2	 0.000E+0	 4.573E-5
   12		 1.423E-2	 3.440E+2	 3.440E+2	 0.000E+0	 4.136E-5
   13		 1.554E-2	 3.930E+2	 3.930E+2	 0.000E+0	 3.955E-5
   14		 1.635E-2	 4.334E+2	 4.334E+2	 0.000E+0	 3.771E-5
   15		 1.712E-2	 5.057E+2	 5.057E+2	 0.000E+0	 3.385E-5
   16		 1.964E-2	 7.149E+2	 3.720E+2	 7.810E+2	 2.747E-5
   17		 2.363E-2	 1.041E+3	 1.938E+2	 2.575E+3	 2.269E-5
   18		 2.856E-2	 1.615E+3	 0.000E+0	 7.229E+3	 1.768E-5
   19		 3.515E-2	 2.634E+3	 0.000E+0	 2.062E+4	 1.334E-5
   20		 4.194E-2	 4.364E+3	 0.000E+0	 4.075E+4	 9.611E-6
   21		 4.568E-2	 7.536E+3	 0.000E+0	 7.507E+4	 6.061E-6
   22		 3.557E-2	 1.299E+4	 0.000E+0	 1.274E+5	 2.738E-6
   23		 1.846E-2	 2.315E+4	 0.000E+0	 2.242E+5	 7.973E-7
   24		 5.354E-3	 1.691E+4	 0.000E+0	 1.602E+5	 3.165E-7
   25		 4.947E-9	 1.084E+4	 0.000E+0	 1.029E+5	 4.562E-13
  
Lobe: LU
Number of segments: 20
Number of terminal airways (alveolar regions): 4096
Lobe volume: 585.37 ml
Volume of conducting airways: 21.09 ml
Total deposition fraction in conducting airways: 0.0240
Total deposition fraction in conducting airways during inhalation: 0.0045
Total deposition fraction in conducting airways during pause: 0.0000
Total deposition fraction in conducting airways during exhalation: 0.0022
Total deposition fraction in alveolar region: 0.0362
Total deposition fraction in alveolar region during inhalation: 0.0104
Total deposition fraction in alveolar region during pause: 0.0000
Total deposition fraction in alveolar region during exhalation: 0.0091

*************Dosimetrics**************
Mass Deposition per Alveolus (mg): 2.313E-8
Mass Deposition per Macrophage (mg): 1.912E-9
Number of Particles per Alveolus: 4.359E-2
Number of Particles per Macrophage: 3.603E-3
Airway deposition fraction (TB + Alv): 0.0602
  
Deposition per generation in LU
Gen. Num.	Dep. Frac.	Surf. Area	TB S.A. 	Pul S.A.	Dep. Frac./Area (cm²)
   4		 8.025E-4	 4.092E+0	 4.092E+0	 0.000E+0	 1.961E-4
   5		 6.881E-4	 5.924E+0	 5.924E+0	 0.000E+0	 1.162E-4
   6		 7.921E-4	 1.058E+1	 1.058E+1	 0.000E+0	 7.485E-5
   7		 1.241E-3	 1.577E+1	 1.577E+1	 0.000E+0	 7.865E-5
   8		 1.171E-3	 1.859E+1	 1.859E+1	 0.000E+0	 6.302E-5
   9		 2.077E-3	 3.708E+1	 3.708E+1	 0.000E+0	 5.602E-5
   10		 2.056E-3	 3.771E+1	 3.771E+1	 0.000E+0	 5.453E-5
   11		 2.226E-3	 4.983E+1	 4.983E+1	 0.000E+0	 4.467E-5
   12		 2.443E-3	 6.084E+1	 6.084E+1	 0.000E+0	 4.016E-5
   13		 3.427E-3	 7.968E+1	 7.968E+1	 0.000E+0	 4.301E-5
   14		 3.481E-3	 9.676E+1	 9.676E+1	 0.000E+0	 3.598E-5
   15		 3.591E-3	 1.219E+2	 1.219E+2	 0.000E+0	 2.947E-5
   16		 4.160E-3	 1.789E+2	 0.000E+0	 4.047E+2	 2.326E-5
   17		 4.823E-3	 2.730E+2	 0.000E+0	 9.376E+2	 1.767E-5
   18		 5.550E-3	 4.210E+2	 0.000E+0	 2.355E+3	 1.318E-5
   19		 6.622E-3	 6.848E+2	 0.000E+0	 6.831E+3	 9.670E-6
   20		 7.089E-3	 1.097E+3	 0.000E+0	 1.054E+4	 6.461E-6
   21		 6.047E-3	 1.858E+3	 0.000E+0	 1.746E+4	 3.255E-6
   22		 1.891E-3	 3.140E+3	 0.000E+0	 2.957E+4	 6.022E-7
   23		 0.000E+0	 5.421E+3	 0.000E+0	 4.999E+4	 0.000E+0
  
Lobe: LL
Number of segments: 21
Number of terminal airways (alveolar regions): 8192
Lobe volume: 1162.25 ml
Volume of conducting airways: 43.99 ml
Total deposition fraction in conducting airways: 0.0512
Total deposition fraction in conducting airways during inhalation: 0.0103
Total deposition fraction in conducting airways during pause: 0.0000
Total deposition fraction in conducting airways during exhalation: 0.0043
Total deposition fraction in alveolar region: 0.0697
Total deposition fraction in alveolar region during inhalation: 0.0199
Total deposition fraction in alveolar region during pause: 0.0000
Total deposition fraction in alveolar region during exhalation: 0.0176

*************Dosimetrics**************
Mass Deposition per Alveolus (mg): 2.227E-8
Mass Deposition per Macrophage (mg): 1.840E-9
Number of Particles per Alveolus: 4.196E-2
Number of Particles per Macrophage: 3.468E-3
Airway deposition fraction (TB + Alv): 0.1209
  
Deposition per generation in LL
Gen. Num.	Dep. Frac.	Surf. Area	TB S.A. 	Pul S.A.	Dep. Frac./Area (cm²)
   4		 4.731E-3	 5.461E+0	 5.461E+0	 0.000E+0	 8.663E-4
   5		 2.467E-3	 6.973E+0	 6.973E+0	 0.000E+0	 3.539E-4
   6		 3.095E-3	 9.029E+0	 9.029E+0	 0.000E+0	 3.428E-4
   7		 2.133E-3	 1.681E+1	 1.681E+1	 0.000E+0	 1.269E-4
   8		 2.163E-3	 2.215E+1	 2.215E+1	 0.000E+0	 9.765E-5
   9		 2.412E-3	 3.569E+1	 3.569E+1	 0.000E+0	 6.758E-5
   10		 3.175E-3	 6.672E+1	 6.672E+1	 0.000E+0	 4.759E-5
   11		 4.725E-3	 1.015E+2	 1.015E+2	 0.000E+0	 4.656E-5
   12		 5.228E-3	 1.333E+2	 1.333E+2	 0.000E+0	 3.921E-5
   13		 5.208E-3	 1.462E+2	 1.462E+2	 0.000E+0	 3.563E-5
   14		 5.165E-3	 1.431E+2	 1.431E+2	 0.000E+0	 3.609E-5
   15		 4.981E-3	 1.582E+2	 1.582E+2	 0.000E+0	 3.149E-5
   16		 5.732E-3	 2.131E+2	 2.131E+2	 0.000E+0	 2.690E-5
   17		 6.856E-3	 3.107E+2	 0.000E+0	 7.107E+2	 2.207E-5
   18		 8.259E-3	 4.701E+2	 0.000E+0	 1.633E+3	 1.757E-5
   19		 1.021E-2	 7.503E+2	 0.000E+0	 4.330E+3	 1.360E-5
   20		 1.241E-2	 1.216E+3	 0.000E+0	 1.233E+4	 1.021E-5
   21		 1.451E-2	 2.079E+3	 0.000E+0	 2.068E+4	 6.977E-6
   22		 1.287E-2	 3.532E+3	 0.000E+0	 3.447E+4	 3.643E-6
   23		 4.546E-3	 6.175E+3	 0.000E+0	 5.903E+4	 7.361E-7
   24		 0.000E+0	 1.084E+4	 0.000E+0	 1.014E+5	 0.000E+0
  
Lobe: RU
Number of segments: 20
Number of terminal airways (alveolar regions): 4096
Lobe volume: 567.01 ml
Volume of conducting airways: 17.41 ml
Total deposition fraction in conducting airways: 0.0218
Total deposition fraction in conducting airways during inhalation: 0.0043
Total deposition fraction in conducting airways during pause: 0.0000
Total deposition fraction in conducting airways during exhalation: 0.0019
Total deposition fraction in alveolar region: 0.0387
Total deposition fraction in alveolar region during inhalation: 0.0108
Total deposition fraction in alveolar region during pause: 0.0000
Total deposition fraction in alveolar region during exhalation: 0.0095

*************Dosimetrics**************
Mass Deposition per Alveolus (mg): 2.471E-8
Mass Deposition per Macrophage (mg): 2.042E-9
Number of Particles per Alveolus: 4.657E-2
Number of Particles per Macrophage: 3.849E-3
Airway deposition fraction (TB + Alv): 0.0604
  
Deposition per generation in RU
Gen. Num.	Dep. Frac.	Surf. Area	TB S.A. 	Pul S.A.	Dep. Frac./Area (cm²)
   4		 8.702E-4	 2.759E+0	 2.759E+0	 0.000E+0	 3.155E-4
   5		 1.384E-3	 7.491E+0	 7.491E+0	 0.000E+0	 1.847E-4
   6		 1.250E-3	 1.313E+1	 1.313E+1	 0.000E+0	 9.516E-5
   7		 1.240E-3	 1.363E+1	 1.363E+1	 0.000E+0	 9.102E-5
   8		 1.765E-3	 2.546E+1	 2.546E+1	 0.000E+0	 6.930E-5
   9		 2.030E-3	 3.221E+1	 3.221E+1	 0.000E+0	 6.303E-5
   10		 1.850E-3	 3.494E+1	 3.494E+1	 0.000E+0	 5.296E-5
   11		 1.731E-3	 3.680E+1	 3.680E+1	 0.000E+0	 4.704E-5
   12		 2.048E-3	 4.797E+1	 4.797E+1	 0.000E+0	 4.270E-5
   13		 2.371E-3	 5.111E+1	 5.111E+1	 0.000E+0	 4.640E-5
   14		 2.565E-3	 6.309E+1	 6.309E+1	 0.000E+0	 4.066E-5
   15		 2.673E-3	 7.707E+1	 7.707E+1	 0.000E+0	 3.468E-5
   16		 3.337E-3	 1.172E+2	 0.000E+0	 2.712E+2	 2.847E-5
   17		 4.192E-3	 1.858E+2	 0.000E+0	 6.577E+2	 2.257E-5
   18		 5.301E-3	 3.109E+2	 0.000E+0	 1.824E+3	 1.705E-5
   19		 6.447E-3	 5.218E+2	 0.000E+0	 5.390E+3	 1.235E-5
   20		 7.807E-3	 9.158E+2	 0.000E+0	 9.272E+3	 8.524E-6
   21		 7.898E-3	 1.648E+3	 0.000E+0	 1.670E+4	 4.791E-6
   22		 3.644E-3	 2.915E+3	 0.000E+0	 2.888E+4	 1.250E-6
   23		 3.171E-5	 5.421E+3	 0.000E+0	 5.367E+4	 5.849E-9
  
Lobe: RM
Number of segments: 19
Number of terminal airways (alveolar regions): 2048
Lobe volume: 279.25 ml
Volume of conducting airways: 7.01 ml
Total deposition fraction in conducting airways: 0.0091
Total deposition fraction in conducting airways during inhalation: 0.0019
Total deposition fraction in conducting airways during pause: 0.0000
Total deposition fraction in conducting airways during exhalation: 0.0009
Total deposition fraction in alveolar region: 0.0205
Total deposition fraction in alveolar region during inhalation: 0.0056
Total deposition fraction in alveolar region during pause: 0.0000
Total deposition fraction in alveolar region during exhalation: 0.0049

*************Dosimetrics**************
Mass Deposition per Alveolus (mg): 2.627E-8
Mass Deposition per Macrophage (mg): 2.171E-9
Number of Particles per Alveolus: 4.950E-2
Number of Particles per Macrophage: 4.091E-3
Airway deposition fraction (TB + Alv): 0.0296
  
Deposition per generation in RM
Gen. Num.	Dep. Frac.	Surf. Area	TB S.A. 	Pul S.A.	Dep. Frac./Area (cm²)
   5		 5.108E-4	 3.769E+0	 3.769E+0	 0.000E+0	 1.355E-4
   6		 6.330E-4	 7.810E+0	 7.810E+0	 0.000E+0	 8.105E-5
   7		 4.019E-4	 7.097E+0	 7.097E+0	 0.000E+0	 5.663E-5
   8		 7.161E-4	 1.197E+1	 1.197E+1	 0.000E+0	 5.984E-5
   9		 6.903E-4	 1.344E+1	 1.344E+1	 0.000E+0	 5.134E-5
   10		 9.044E-4	 1.523E+1	 1.523E+1	 0.000E+0	 5.940E-5
   11		 8.813E-4	 1.682E+1	 1.682E+1	 0.000E+0	 5.241E-5
   12		 8.231E-4	 1.637E+1	 1.637E+1	 0.000E+0	 5.026E-5
   13		 1.167E-3	 2.169E+1	 2.169E+1	 0.000E+0	 5.379E-5
   14		 1.194E-3	 2.557E+1	 2.557E+1	 0.000E+0	 4.670E-5
   15		 1.135E-3	 2.796E+1	 2.796E+1	 0.000E+0	 4.060E-5
   16		 1.562E-3	 4.683E+1	 0.000E+0	 1.051E+2	 3.334E-5
   17		 2.050E-3	 7.779E+1	 0.000E+0	 2.691E+2	 2.635E-5
   18		 2.616E-3	 1.308E+2	 0.000E+0	 7.466E+2	 2.000E-5
   19		 3.359E-3	 2.355E+2	 0.000E+0	 2.457E+3	 1.426E-5
   20		 4.101E-3	 4.219E+2	 0.000E+0	 4.312E+3	 9.719E-6
   21		 4.424E-3	 7.799E+2	 0.000E+0	 7.962E+3	 5.672E-6
   22		 2.387E-3	 1.432E+3	 0.000E+0	 1.465E+4	 1.667E-6
   23		 4.660E-5	 2.711E+3	 0.000E+0	 2.766E+4	 1.719E-8
  
Lobe: RL
Number of segments: 21
Number of terminal airways (alveolar regions): 8192
Lobe volume: 1153.57 ml
Volume of conducting airways: 39.48 ml
Total deposition fraction in conducting airways: 0.0494
Total deposition fraction in conducting airways during inhalation: 0.0099
Total deposition fraction in conducting airways during pause: 0.0000
Total deposition fraction in conducting airways during exhalation: 0.0041
Total deposition fraction in alveolar region: 0.0726
Total deposition fraction in alveolar region during inhalation: 0.0200
Total deposition fraction in alveolar region during pause: 0.0000
Total deposition fraction in alveolar region during exhalation: 0.0176

*************Dosimetrics**************
Mass Deposition per Alveolus (mg): 2.322E-8
Mass Deposition per Macrophage (mg): 1.919E-9
Number of Particles per Alveolus: 4.376E-2
Number of Particles per Macrophage: 3.616E-3
Airway deposition fraction (TB + Alv): 0.1220
  
Deposition per generation in RL
Gen. Num.	Dep. Frac.	Surf. Area	TB S.A. 	Pul S.A.	Dep. Frac./Area (cm²)
   5		 4.559E-3	 3.956E+0	 3.956E+0	 0.000E+0	 1.152E-3
   6		 4.904E-3	 7.845E+0	 7.845E+0	 0.000E+0	 6.251E-4
   7		 3.490E-3	 1.291E+1	 1.291E+1	 0.000E+0	 2.703E-4
   8		 1.974E-3	 1.361E+1	 1.361E+1	 0.000E+0	 1.451E-4
   9		 1.765E-3	 2.139E+1	 2.139E+1	 0.000E+0	 8.251E-5
   10		 2.800E-3	 4.433E+1	 4.433E+1	 0.000E+0	 6.315E-5
   11		 3.597E-3	 8.284E+1	 8.284E+1	 0.000E+0	 4.342E-5
   12		 3.683E-3	 8.546E+1	 8.546E+1	 0.000E+0	 4.309E-5
   13		 3.371E-3	 9.439E+1	 9.439E+1	 0.000E+0	 3.571E-5
   14		 3.941E-3	 1.049E+2	 1.049E+2	 0.000E+0	 3.757E-5
   15		 4.739E-3	 1.206E+2	 1.206E+2	 0.000E+0	 3.929E-5
   16		 4.847E-3	 1.588E+2	 1.588E+2	 0.000E+0	 3.052E-5
   17		 5.704E-3	 1.938E+2	 1.938E+2	 0.000E+0	 2.943E-5
   18		 6.835E-3	 2.824E+2	 0.000E+0	 6.709E+2	 2.420E-5
   19		 8.512E-3	 4.416E+2	 0.000E+0	 1.616E+3	 1.928E-5
   20		 1.053E-2	 7.127E+2	 0.000E+0	 4.292E+3	 1.477E-5
   21		 1.280E-2	 1.170E+3	 0.000E+0	 1.227E+4	 1.094E-5
   22		 1.478E-2	 1.970E+3	 0.000E+0	 1.983E+4	 7.504E-6
   23		 1.384E-2	 3.425E+3	 0.000E+0	 3.381E+4	 4.039E-6
   24		 5.354E-3	 6.071E+3	 0.000E+0	 5.874E+4	 8.819E-7
   25		 4.947E-9	 1.084E+4	 0.000E+0	 1.029E+5	 4.562E-13
  
--> Deposition Fraction per acinar region <--
0.036181768163541
0.069654385693572
0.020544557481692
0.072642589012865
0.038657397281419
  
Total alveolar/acinar deposition: 0.2377
Average deposition per alveolus/acinus: 4.754E-2
Standard deviation of acinar deposition: 2.267E-2
Realtive SD of acinar deposition: 4.769E-1
